<?xml version="1.0" encoding="UTF-8"?>
<!-- Generated by org.testng.reporters.JUnitReportReporter -->
<testsuite hostname="PRATIKSHA-07" failures="0" tests="1" name="test_Ng.NormalTest_Validation" time="6.918" errors="0" timestamp="2023-12-24T00:10:19 IST" skipped="0">
  <testcase classname="test_Ng.NormalTest_Validation" name="validateFBGenderButton" time="6.918"/>
</testsuite> <!-- test_Ng.NormalTest_Validation -->
