<?xml version="1.0" encoding="UTF-8"?>
<!-- Generated by org.testng.reporters.JUnitReportReporter -->
<testsuite hostname="PRATIKSHA-07" failures="0" tests="1" name="test_Ng.First_program" time="7.263" errors="0" timestamp="2023-12-19T23:36:13 IST" skipped="0">
  <testcase classname="test_Ng.First_program" name="f" time="7.263"/>
  <system-out>
    <![CDATA[Hii this is Reporter log without boolean]]>
  </system-out>
</testsuite> <!-- test_Ng.First_program -->
