<?xml version="1.0" encoding="UTF-8"?>
<!-- Generated by org.testng.reporters.JUnitReportReporter -->
<testsuite hostname="PRATIKSHA-07" failures="0" tests="3" name="testNg_methods.Include_Methods" time="0.007" errors="0" timestamp="2023-12-22T14:32:01 IST" skipped="0">
  <testcase classname="testNg_methods.Include_Methods" name="tc_2" time="0.004">
    <system-out>
      <![CDATA[tc 2 is running]]>
    </system-out>
  </testcase> <!-- tc_2 -->
  <testcase classname="testNg_methods.Include_Methods" name="tc_3" time="0.001">
    <system-out>
      <![CDATA[tc 3 is running]]>
    </system-out>
  </testcase> <!-- tc_3 -->
  <testcase classname="testNg_methods.Include_Methods" name="tc_4" time="0.002">
    <system-out>
      <![CDATA[tc 4 is running]]>
    </system-out>
  </testcase> <!-- tc_4 -->
  <system-out>
    <![CDATA[tc 5 is running
tc 7 is running
tc 2 is running
tc 3 is running
tc 4 is running]]>
  </system-out>
</testsuite> <!-- testNg_methods.Include_Methods -->
