<?xml version="1.0" encoding="UTF-8"?>
<!-- Generated by org.testng.reporters.JUnitReportReporter -->
<testsuite hostname="PRATIKSHA-07" failures="0" tests="1" name="testNG_Assertion.AssertTRueFalse_asertion" time="0.010" errors="0" timestamp="2023-12-24T00:45:42 IST" skipped="0">
  <testcase classname="testNG_Assertion.AssertTRueFalse_asertion" name="f" time="0.010"/>
</testsuite> <!-- testNG_Assertion.AssertTRueFalse_asertion -->
