<?xml version="1.0" encoding="UTF-8"?>
<!-- Generated by org.testng.reporters.JUnitReportReporter -->
<testsuite hostname="PRATIKSHA-07" failures="0" tests="2" name="testNg_methods.Exclude_methods" time="0.010" errors="0" timestamp="2023-12-22T14:32:01 IST" skipped="0">
  <testcase classname="testNg_methods.Exclude_methods" name="tc_7" time="0.001">
    <system-out>
      <![CDATA[tc 7 is running]]>
    </system-out>
  </testcase> <!-- tc_7 -->
  <testcase classname="testNg_methods.Exclude_methods" name="tc_5" time="0.009">
    <system-out>
      <![CDATA[tc 5 is running]]>
    </system-out>
  </testcase> <!-- tc_5 -->
  <system-out>
    <![CDATA[tc 5 is running
tc 7 is running
tc 2 is running
tc 3 is running
tc 4 is running]]>
  </system-out>
</testsuite> <!-- testNg_methods.Exclude_methods -->
