<?xml version="1.0" encoding="UTF-8"?>
<!-- Generated by org.testng.reporters.JUnitReportReporter -->
<testsuite hostname="PRATIKSHA-07" failures="0" tests="2" name="testNG_Annotations.BeforeAndAfterClass" time="0.008" errors="0" timestamp="2023-12-19T01:46:11 IST" skipped="0">
  <testcase classname="testNG_Annotations.BeforeAndAfterClass" name="Tc_03" time="0.002">
    <system-out>
      <![CDATA[Tc_03 is running]]>
    </system-out>
  </testcase> <!-- Tc_03 -->
  <testcase classname="testNG_Annotations.BeforeAndAfterClass" name="Tc_02" time="0.006">
    <system-out>
      <![CDATA[Tc_02 is running]]>
    </system-out>
  </testcase> <!-- Tc_02 -->
  <system-out>
    <![CDATA[open browser
logIn successfully
Tc_02 is running
logOut is done
logIn successfully
Tc_03 is running
logOut is done
close browser]]>
  </system-out>
</testsuite> <!-- testNG_Annotations.BeforeAndAfterClass -->
