<?xml version="1.0" encoding="UTF-8"?>
<!-- Generated by org.testng.reporters.JUnitReportReporter -->
<testsuite hostname="PRATIKSHA-07" failures="0" tests="1" name="coverFox_TestNG_Text.CF_TC01_Validate_Error_message" time="19.393" errors="0" timestamp="2024-01-04T15:44:24 IST" skipped="0">
  <testcase classname="coverFox_TestNG_Text.CF_TC01_Validate_Error_message" name="validate_error_message" time="19.393">
    <system-out>
      <![CDATA[validating Pincode error message
Tc will passed]]>
    </system-out>
  </testcase> <!-- validate_error_message -->
  <system-out>
    <![CDATA[Launching Browser
opening Browser
Clicking on gender button
Clicking on next button
Handling age drop down
Reading data from Excel sheet
Clicking on next button
Entering Mob no
Reading data from Excel sheet
Clicking on continue button
validating Pincode error message
Tc will passed
closing browser
Closing Browser]]>
  </system-out>
</testsuite> <!-- coverFox_TestNG_Text.CF_TC01_Validate_Error_message -->
