<?xml version="1.0" encoding="UTF-8"?>
<!-- Generated by org.testng.reporters.JUnitReportReporter -->
<testsuite hostname="PRATIKSHA-07" failures="0" tests="4" name="test_NG_keywords.MixAllKeyword" time="0.014" errors="0" timestamp="2023-12-21T15:29:48 IST" skipped="0">
  <testcase classname="test_NG_keywords.MixAllKeyword" name="m" time="0.001">
    <system-out>
      <![CDATA[m is running]]>
    </system-out>
  </testcase> <!-- m -->
  <testcase classname="test_NG_keywords.MixAllKeyword" name="o" time="0.009">
    <system-out>
      <![CDATA[o is running]]>
    </system-out>
  </testcase> <!-- o -->
  <testcase classname="test_NG_keywords.MixAllKeyword" name="p" time="0.002">
    <system-out>
      <![CDATA[p is running]]>
    </system-out>
  </testcase> <!-- p -->
  <testcase classname="test_NG_keywords.MixAllKeyword" name="q" time="0.002">
    <system-out>
      <![CDATA[q is running]]>
    </system-out>
  </testcase> <!-- q -->
  <system-out>
    <![CDATA[o is running
q is running
p is running
m is running]]>
  </system-out>
</testsuite> <!-- test_NG_keywords.MixAllKeyword -->
