<?xml version="1.0" encoding="UTF-8"?>
<!-- Generated by org.testng.reporters.JUnitReportReporter -->
<testsuite hostname="PRATIKSHA-07" failures="0" tests="1" name="coverFox_TestNG_Text.CF_TC01_Validate_Search_Research_for_healthcare_policies" time="37.123" errors="0" timestamp="2024-01-10T15:29:03 IST" skipped="0">
  <testcase classname="coverFox_TestNG_Text.CF_TC01_Validate_Search_Research_for_healthcare_policies" name="validateTestPlansFromTextAndBanners" time="37.123">
    <system-out>
      <![CDATA[Fetching number of results from text
Fetching number of results from Banners
TC is Passed
Taking Screenshot
Saved Screenshot atC:\Software_T\SeleniumScreenshot\coverFoxCF_TC012024.01.10.15.28.51.png]]>
    </system-out>
  </testcase> <!-- validateTestPlansFromTextAndBanners -->
  <system-out>
    <![CDATA[Launching Browser
Clicking on gender button
Clicking on next button
Handling age drop down
Reading data from Excel sheet
Clicking on next button
Entering Pincode
Reading data from Excel sheet
Entering Mob no
Reading data from Excel sheet
Clicking on continue button
Fetching number of results from text
Fetching number of results from Banners
TC is Passed
Taking Screenshot
Saved Screenshot atC:\Software_T\SeleniumScreenshot\coverFoxCF_TC012024.01.10.15.28.51.png
closing browser
Closing Browser]]>
  </system-out>
</testsuite> <!-- coverFox_TestNG_Text.CF_TC01_Validate_Search_Research_for_healthcare_policies -->
