<?xml version="1.0" encoding="UTF-8"?>
<!-- Generated by org.testng.reporters.JUnitReportReporter -->
<testsuite hostname="PRATIKSHA-07" failures="0" tests="4" name="test_NG_keywords.ProrityKeyword_use" time="0.016" errors="0" timestamp="2023-12-19T23:48:28 IST" skipped="0">
  <testcase classname="test_NG_keywords.ProrityKeyword_use" name="d" time="0.010">
    <system-out>
      <![CDATA[d method is running]]>
    </system-out>
  </testcase> <!-- d -->
  <testcase classname="test_NG_keywords.ProrityKeyword_use" name="c" time="0.002">
    <system-out>
      <![CDATA[c method is running]]>
    </system-out>
  </testcase> <!-- c -->
  <testcase classname="test_NG_keywords.ProrityKeyword_use" name="a" time="0.003">
    <system-out>
      <![CDATA[a method is running]]>
    </system-out>
  </testcase> <!-- a -->
  <testcase classname="test_NG_keywords.ProrityKeyword_use" name="b" time="0.001">
    <system-out>
      <![CDATA[b method is running]]>
    </system-out>
  </testcase> <!-- b -->
  <system-out>
    <![CDATA[d method is running
a method is running
c method is running
b method is running]]>
  </system-out>
</testsuite> <!-- test_NG_keywords.ProrityKeyword_use -->
