<?xml version="1.0" encoding="UTF-8"?>
<!-- Generated by org.testng.reporters.JUnitReportReporter -->
<testsuite hostname="PRATIKSHA-07" failures="0" tests="2" name="testNG_Annotations.TestClass_1" time="0.009" errors="0" timestamp="2023-12-20T23:40:39 IST" skipped="0">
  <testcase classname="testNG_Annotations.TestClass_1" name="TC_01" time="0.006">
    <system-out>
      <![CDATA[Tc_01 is running]]>
    </system-out>
  </testcase> <!-- TC_01 -->
  <testcase classname="testNG_Annotations.TestClass_1" name="TC_02" time="0.003">
    <system-out>
      <![CDATA[Tc_02 is running]]>
    </system-out>
  </testcase> <!-- TC_02 -->
  <system-out>
    <![CDATA[before class is running
before method is running
Tc_01 is running
after method is running
before method is running
Tc_02 is running
after method is running
after class is running
before class is running
before method is running
Tc_04 is running
after method is running
before method is running
Tc_03 is running
after method is running
after class is running]]>
  </system-out>
</testsuite> <!-- testNG_Annotations.TestClass_1 -->
