<?xml version="1.0" encoding="UTF-8"?>
<!-- Generated by org.testng.reporters.JUnitReportReporter -->
<testsuite hostname="PRATIKSHA-07" failures="0" tests="1" name="testNG_Assertion.Assert_equalsAssertion" time="0.008" errors="0" timestamp="2023-12-24T00:38:39 IST" skipped="0">
  <testcase classname="testNG_Assertion.Assert_equalsAssertion" name="f" time="0.008"/>
</testsuite> <!-- testNG_Assertion.Assert_equalsAssertion -->
