<?xml version="1.0" encoding="UTF-8"?>
<!-- Generated by org.testng.reporters.JUnitReportReporter -->
<testsuite hostname="PRATIKSHA-07" failures="0" tests="1" name="serialANDparallel.Flipcart" time="71.556" errors="0" timestamp="2023-12-27T15:47:32 IST" skipped="0">
  <testcase classname="serialANDparallel.Flipcart" name="flipcartTest" time="71.556"/>
</testsuite> <!-- serialANDparallel.Flipcart -->
