<?xml version="1.0" encoding="UTF-8"?>
<!-- Generated by org.testng.reporters.JUnitReportReporter -->
<testsuite hostname="PRATIKSHA-07" failures="0" tests="1" name="testNG_Annotations.BeforeAndAfterMethod_Annotation" time="0.012" errors="0" timestamp="2023-12-19T01:29:35 IST" skipped="0">
  <testcase classname="testNG_Annotations.BeforeAndAfterMethod_Annotation" name="TC_1" time="0.012">
    <system-out>
      <![CDATA[Tc1 is running]]>
    </system-out>
  </testcase> <!-- TC_1 -->
  <system-out>
    <![CDATA[log in successed
Tc1 is running
logOut will done]]>
  </system-out>
</testsuite> <!-- testNG_Annotations.BeforeAndAfterMethod_Annotation -->
