<?xml version="1.0" encoding="UTF-8"?>
<!-- Generated by org.testng.reporters.JUnitReportReporter -->
<testsuite hostname="PRATIKSHA-07" failures="0" tests="1" name="coverFoxUsingTextNg.CF_TC03_Validate_Search_Research_for_healthcare_policies" time="31.222" errors="0" timestamp="2024-01-10T15:06:34 IST" skipped="0">
  <testcase classname="coverFoxUsingTextNg.CF_TC03_Validate_Search_Research_for_healthcare_policies" name="validateTestPlansFromTextAndBanners" time="31.222">
    <system-out>
      <![CDATA[Fetching number of results from text
Fetching number of results from Banners
TC_01 is Passed
Checking sort plan button is present or not
TC_02 is Passed]]>
    </system-out>
  </testcase> <!-- validateTestPlansFromTextAndBanners -->
  <system-out>
    <![CDATA[opening Browser
Clicking on gender button
Clicking on next button
Handling age drop down
Clicking on next button
Entering Pincode
Entering Mob no
Clicking on next button
Fetching number of results from text
Fetching number of results from Banners
TC_01 is Passed
Checking sort plan button is present or not
TC_02 is Passed
closing browser]]>
  </system-out>
</testsuite> <!-- coverFoxUsingTextNg.CF_TC03_Validate_Search_Research_for_healthcare_policies -->
