<?xml version="1.0" encoding="UTF-8"?>
<!-- Generated by org.testng.reporters.JUnitReportReporter -->
<testsuite hostname="PRATIKSHA-07" failures="0" tests="6" name="test_NG_keywords.Invocation_count_keyword" time="0.020" errors="0" timestamp="2023-12-19T23:52:28 IST" skipped="0">
  <testcase classname="test_NG_keywords.Invocation_count_keyword" name="c" time="0.001">
    <system-out>
      <![CDATA[c method is running]]>
    </system-out>
  </testcase> <!-- c -->
  <testcase classname="test_NG_keywords.Invocation_count_keyword" name="a" time="0.011">
    <system-out>
      <![CDATA[a method is running]]>
    </system-out>
  </testcase> <!-- a -->
  <testcase classname="test_NG_keywords.Invocation_count_keyword" name="c" time="0.002">
    <system-out>
      <![CDATA[c method is running]]>
    </system-out>
  </testcase> <!-- c -->
  <testcase classname="test_NG_keywords.Invocation_count_keyword" name="c" time="0.002">
    <system-out>
      <![CDATA[c method is running]]>
    </system-out>
  </testcase> <!-- c -->
  <testcase classname="test_NG_keywords.Invocation_count_keyword" name="b" time="0.003">
    <system-out>
      <![CDATA[b method is running]]>
    </system-out>
  </testcase> <!-- b -->
  <testcase classname="test_NG_keywords.Invocation_count_keyword" name="d" time="0.001">
    <system-out>
      <![CDATA[d method is running]]>
    </system-out>
  </testcase> <!-- d -->
  <system-out>
    <![CDATA[a method is running
b method is running
c method is running
c method is running
c method is running
d method is running]]>
  </system-out>
</testsuite> <!-- test_NG_keywords.Invocation_count_keyword -->
