<?xml version="1.0" encoding="UTF-8"?>
<!-- Generated by org.testng.reporters.JUnitReportReporter -->
<testsuite hostname="PRATIKSHA-07" failures="0" tests="3" name="testNg_methods.Myclass2" time="0.005" errors="0" timestamp="2023-12-22T14:52:36 IST" skipped="0">
  <testcase classname="testNg_methods.Myclass2" name="e" time="0.001">
    <system-out>
      <![CDATA[e  tc is running]]>
    </system-out>
  </testcase> <!-- e -->
  <testcase classname="testNg_methods.Myclass2" name="g" time="0.002">
    <system-out>
      <![CDATA[g  tc is running]]>
    </system-out>
  </testcase> <!-- g -->
  <testcase classname="testNg_methods.Myclass2" name="h" time="0.002">
    <system-out>
      <![CDATA[h tc is running]]>
    </system-out>
  </testcase> <!-- h -->
  <system-out>
    <![CDATA[a is running
e  tc is running
g  tc is running
h tc is running]]>
  </system-out>
</testsuite> <!-- testNg_methods.Myclass2 -->
