<?xml version="1.0" encoding="UTF-8"?>
<!-- Generated by org.testng.reporters.JUnitReportReporter -->
<testsuite hostname="PRATIKSHA-07" failures="0" tests="5" name="failTestCase.DEmo1" time="0.012" errors="0" timestamp="2023-12-22T22:49:52 IST" skipped="0">
  <testcase classname="failTestCase.DEmo1" name="Test_2" time="0.001">
    <system-out>
      <![CDATA[Test 2 is running]]>
    </system-out>
  </testcase> <!-- Test_2 -->
  <testcase classname="failTestCase.DEmo1" name="Test_5" time="0.001">
    <system-out>
      <![CDATA[Test 5 is running]]>
    </system-out>
  </testcase> <!-- Test_5 -->
  <testcase classname="failTestCase.DEmo1" name="Test_3" time="0.001">
    <system-out>
      <![CDATA[Test 3 is running]]>
    </system-out>
  </testcase> <!-- Test_3 -->
  <testcase classname="failTestCase.DEmo1" name="Test_1" time="0.008">
    <system-out>
      <![CDATA[Test 1 is running]]>
    </system-out>
  </testcase> <!-- Test_1 -->
  <testcase classname="failTestCase.DEmo1" name="Test_4" time="0.001">
    <system-out>
      <![CDATA[Test 4 is running]]>
    </system-out>
  </testcase> <!-- Test_4 -->
  <system-out>
    <![CDATA[Test 1 is running
Test 2 is running
Test 3 is running
Test 4 is running
Test 5 is running]]>
  </system-out>
</testsuite> <!-- failTestCase.DEmo1 -->
