<?xml version="1.0" encoding="UTF-8"?>
<!-- Generated by org.testng.reporters.JUnitReportReporter -->
<testsuite hostname="PRATIKSHA-07" failures="0" tests="4" name="test_NG_keywords.DependsOnMethods_use" time="0.016" errors="0" timestamp="2023-12-20T23:54:47 IST" skipped="0">
  <testcase classname="test_NG_keywords.DependsOnMethods_use" name="n" time="0.012">
    <system-out>
      <![CDATA[n method is running]]>
    </system-out>
  </testcase> <!-- n -->
  <testcase classname="test_NG_keywords.DependsOnMethods_use" name="m" time="0.001">
    <system-out>
      <![CDATA[m method is running]]>
    </system-out>
  </testcase> <!-- m -->
  <testcase classname="test_NG_keywords.DependsOnMethods_use" name="p" time="0.001">
    <system-out>
      <![CDATA[p method is running]]>
    </system-out>
  </testcase> <!-- p -->
  <testcase classname="test_NG_keywords.DependsOnMethods_use" name="o" time="0.002">
    <system-out>
      <![CDATA[o method is running]]>
    </system-out>
  </testcase> <!-- o -->
  <system-out>
    <![CDATA[n method is running
o method is running
p method is running
m method is running]]>
  </system-out>
</testsuite> <!-- test_NG_keywords.DependsOnMethods_use -->
