<?xml version="1.0" encoding="UTF-8"?>
<!-- Generated by org.testng.reporters.JUnitReportReporter -->
<testsuite hostname="PRATIKSHA-07" failures="0" tests="1" name="testNg_methods.Myclass1" time="0.010" errors="0" timestamp="2023-12-22T14:52:36 IST" skipped="0">
  <testcase classname="testNg_methods.Myclass1" name="b" time="0.010">
    <system-out>
      <![CDATA[a is running]]>
    </system-out>
  </testcase> <!-- b -->
  <system-out>
    <![CDATA[a is running
e  tc is running
g  tc is running
h tc is running]]>
  </system-out>
</testsuite> <!-- testNg_methods.Myclass1 -->
