<?xml version="1.0" encoding="UTF-8"?>
<!-- Generated by org.testng.reporters.JUnitReportReporter -->
<testsuite hostname="PRATIKSHA-07" failures="0" tests="3" name="data_provider_use.FB_AccoountForm" time="40.845" errors="0" timestamp="2023-12-27T00:05:41 IST" skipped="0">
  <testcase classname="data_provider_use.FB_AccoountForm" name="FbDataSet" time="12.260"/>
  <testcase classname="data_provider_use.FB_AccoountForm" name="FbDataSet" time="13.931"/>
  <testcase classname="data_provider_use.FB_AccoountForm" name="FbDataSet" time="14.654"/>
</testsuite> <!-- data_provider_use.FB_AccoountForm -->
