<?xml version="1.0" encoding="UTF-8"?>
<!-- Generated by org.testng.reporters.JUnitReportReporter -->
<testsuite hostname="PRATIKSHA-07" failures="0" tests="5" name="test_NG_keywords.Enable_keyword" time="0.010" errors="0" timestamp="2023-12-21T15:31:21 IST" skipped="1">
  <testcase classname="test_NG_keywords.Enable_keyword" name="c" time="0.001">
    <system-out>
      <![CDATA[c method is running]]>
    </system-out>
  </testcase> <!-- c -->
  <testcase classname="test_NG_keywords.Enable_keyword" name="d" time="0.001">
    <system-out>
      <![CDATA[d method is running]]>
    </system-out>
  </testcase> <!-- d -->
  <testcase classname="test_NG_keywords.Enable_keyword" name="a" time="0.007">
    <system-out>
      <![CDATA[a method is running]]>
    </system-out>
  </testcase> <!-- a -->
  <testcase classname="test_NG_keywords.Enable_keyword" name="f" time="0.001">
    <system-out>
      <![CDATA[f method is running]]>
    </system-out>
  </testcase> <!-- f -->
  <testcase classname="test_NG_keywords.Enable_keyword" name="b">
    <skipped/>
  </testcase> <!-- b -->
  <system-out>
    <![CDATA[a method is running
c method is running
d method is running
f method is running]]>
  </system-out>
</testsuite> <!-- test_NG_keywords.Enable_keyword -->
